<?xml version="1.0" encoding="UTF-8"?>
<!-- Generated by org.testng.reporters.JUnitXMLReporter -->
<testsuite ignored="0" hostname="LAPTOP-621A1SJ5" failures="0" tests="5" name="Default test" time="92.212" errors="0" timestamp="2024-11-26T11:24:36 IST">
  <testcase classname="com.fitpeo.Tests.RevenueCalculatorTest" name="testNavigateToRevenueCalculatorPage" time="1.217"/>
  <testcase classname="com.fitpeo.Tests.RevenueCalculatorTest" name="testSliderAdjustmentTo820" time="17.727"/>
  <testcase classname="com.fitpeo.Tests.RevenueCalculatorTest" name="testValidateSliderValueAfterTextUpdate" time="54.767"/>
  <testcase classname="com.fitpeo.Tests.RevenueCalculatorTest" name="testSelectCPTCodes" time="8.669"/>
  <testcase classname="com.fitpeo.Tests.RevenueCalculatorTest" name="testValidateTotalRecurringReimbursement" time="0.115"/>
</testsuite> <!-- Default test -->
