<?xml version="1.0" encoding="UTF-8"?>
<testng-results ignored="0" total="1" passed="1" failed="0" skipped="0">
  <reporter-output>
  </reporter-output>
  <suite started-at="2024-11-26T00:02:25 IST" name="Default suite" finished-at="2024-11-26T00:03:32 IST" duration-ms="66745">
    <groups>
    </groups>
    <test started-at="2024-11-26T00:02:25 IST" name="Default test" finished-at="2024-11-26T00:03:32 IST" duration-ms="66745">
      <class name="com.fitpeo.Tests.RevenueCalculatorTest">
        <test-method is-config="true" signature="setUp()[pri:0, instance:com.fitpeo.Tests.RevenueCalculatorTest@3c41ed1d]" started-at="2024-11-26T00:02:25 IST" name="setUp" finished-at="2024-11-26T00:02:30 IST" duration-ms="5155" status="PASS">
          <reporter-output>
          </reporter-output>
        </test-method> <!-- setUp -->
        <test-method signature="testRevenueCalculator()[pri:0, instance:com.fitpeo.Tests.RevenueCalculatorTest@3c41ed1d]" started-at="2024-11-26T00:02:30 IST" name="testRevenueCalculator" finished-at="2024-11-26T00:03:32 IST" duration-ms="61352" status="PASS">
          <reporter-output>
          </reporter-output>
        </test-method> <!-- testRevenueCalculator -->
        <test-method is-config="true" signature="tearDown()[pri:0, instance:com.fitpeo.Tests.RevenueCalculatorTest@3c41ed1d]" started-at="2024-11-26T00:03:32 IST" name="tearDown" finished-at="2024-11-26T00:03:32 IST" duration-ms="190" status="PASS">
          <reporter-output>
          </reporter-output>
        </test-method> <!-- tearDown -->
      </class> <!-- com.fitpeo.Tests.RevenueCalculatorTest -->
    </test> <!-- Default test -->
  </suite> <!-- Default suite -->
</testng-results>
